==92107== Memcheck, a memory error detector
==92107== Copyright (C) 2002-2022, and GNU GPL'd, by Julian Seward et al.
==92107== Using Valgrind-3.22.0 and LibVEX; rerun with -h for copyright info
==92107== Command: ./rcopy testingFile.txt theBible2.txt 400 0 localhost 10001
==92107== Parent PID: 80380
==92107== 
==92107== Use of uninitialised value of size 8
==92107==    at 0x4B7E0BB: _itoa_word (_itoa.c:183)
==92107==    by 0x4B88C9B: __printf_buffer (vfprintf-process-arg.c:155)
==92107==    by 0x4B8A73A: __vfprintf_internal (vfprintf-internal.c:1544)
==92107==    by 0x111B82: dbg_print(int, char const*, ...) (dbg_print.c:28)
==92107==    by 0x10E1E4: PacketManager::printType(int, char*) (PacketManager.cpp:279)
==92107==    by 0x10E5FC: PacketManager::sendto_Err(int, void*, unsigned long, int, sockaddr const*, unsigned int) (PacketManager.cpp:374)
==92107==    by 0x10D711: sendtoErr (network-hooks.c:228)
==92107==    by 0x10B3B2: safeSendto (networks.c:36)
==92107==    by 0x10BD34: send_buf (srej.c:30)
==92107==    by 0x10C90A: sendEOFAck (clientSlidingWindow.c:116)
==92107==    by 0x10CA8E: windowRecvData (clientSlidingWindow.c:155)
==92107==    by 0x10B0C4: recv_data (rcopy.c:191)
==92107==  Uninitialised value was created by a stack allocation
==92107==    at 0x10C8BD: sendEOFAck (clientSlidingWindow.c:112)
==92107== 
==92107== Conditional jump or move depends on uninitialised value(s)
==92107==    at 0x4B7E0CC: _itoa_word (_itoa.c:183)
==92107==    by 0x4B88C9B: __printf_buffer (vfprintf-process-arg.c:155)
==92107==    by 0x4B8A73A: __vfprintf_internal (vfprintf-internal.c:1544)
==92107==    by 0x111B82: dbg_print(int, char const*, ...) (dbg_print.c:28)
==92107==    by 0x10E1E4: PacketManager::printType(int, char*) (PacketManager.cpp:279)
==92107==    by 0x10E5FC: PacketManager::sendto_Err(int, void*, unsigned long, int, sockaddr const*, unsigned int) (PacketManager.cpp:374)
==92107==    by 0x10D711: sendtoErr (network-hooks.c:228)
==92107==    by 0x10B3B2: safeSendto (networks.c:36)
==92107==    by 0x10BD34: send_buf (srej.c:30)
==92107==    by 0x10C90A: sendEOFAck (clientSlidingWindow.c:116)
==92107==    by 0x10CA8E: windowRecvData (clientSlidingWindow.c:155)
==92107==    by 0x10B0C4: recv_data (rcopy.c:191)
==92107==  Uninitialised value was created by a stack allocation
==92107==    at 0x10C8BD: sendEOFAck (clientSlidingWindow.c:112)
==92107== 
==92107== Conditional jump or move depends on uninitialised value(s)
==92107==    at 0x4B88D85: __printf_buffer (vfprintf-process-arg.c:186)
==92107==    by 0x4B8A73A: __vfprintf_internal (vfprintf-internal.c:1544)
==92107==    by 0x111B82: dbg_print(int, char const*, ...) (dbg_print.c:28)
==92107==    by 0x10E1E4: PacketManager::printType(int, char*) (PacketManager.cpp:279)
==92107==    by 0x10E5FC: PacketManager::sendto_Err(int, void*, unsigned long, int, sockaddr const*, unsigned int) (PacketManager.cpp:374)
==92107==    by 0x10D711: sendtoErr (network-hooks.c:228)
==92107==    by 0x10B3B2: safeSendto (networks.c:36)
==92107==    by 0x10BD34: send_buf (srej.c:30)
==92107==    by 0x10C90A: sendEOFAck (clientSlidingWindow.c:116)
==92107==    by 0x10CA8E: windowRecvData (clientSlidingWindow.c:155)
==92107==    by 0x10B0C4: recv_data (rcopy.c:191)
==92107==    by 0x10AB1F: processFile (rcopy.c:75)
==92107==  Uninitialised value was created by a stack allocation
==92107==    at 0x10C8BD: sendEOFAck (clientSlidingWindow.c:112)
==92107== 
==92107== 
==92107== HEAP SUMMARY:
==92107==     in use at exit: 2,232 bytes in 9 blocks
==92107==   total heap usage: 590 allocs, 581 frees, 135,359 bytes allocated
==92107== 
==92107== 36 bytes in 1 blocks are definitely lost in loss record 1 of 5
==92107==    at 0x484D953: calloc (in /usr/libexec/valgrind/vgpreload_memcheck-amd64-linux.so)
==92107==    by 0x10AA43: processFile (rcopy.c:54)
==92107==    by 0x10AA0E: main (rcopy.c:48)
==92107== 
==92107== 36 bytes in 1 blocks are definitely lost in loss record 2 of 5
==92107==    at 0x4846828: malloc (in /usr/libexec/valgrind/vgpreload_memcheck-amd64-linux.so)
==92107==    by 0x10C420: clientWindowInit (clientSlidingWindow.c:22)
==92107==    by 0x10ACCF: start_state (rcopy.c:114)
==92107==    by 0x10AAAF: processFile (rcopy.c:63)
==92107==    by 0x10AA0E: main (rcopy.c:48)
==92107== 
==92107== 80 bytes in 1 blocks are still reachable in loss record 3 of 5
==92107==    at 0x484D953: calloc (in /usr/libexec/valgrind/vgpreload_memcheck-amd64-linux.so)
==92107==    by 0x10C35F: sCalloc (safeUtil.c:35)
==92107==    by 0x10C062: setupPollSet (pollLib.c:32)
==92107==    by 0x10AC1D: start_state (rcopy.c:103)
==92107==    by 0x10AAAF: processFile (rcopy.c:63)
==92107==    by 0x10AA0E: main (rcopy.c:48)
==92107== 
==92107== 2,000 bytes in 5 blocks are indirectly lost in loss record 4 of 5
==92107==    at 0x484D953: calloc (in /usr/libexec/valgrind/vgpreload_memcheck-amd64-linux.so)
==92107==    by 0x10C472: clientWindowInit (clientSlidingWindow.c:26)
==92107==    by 0x10ACCF: start_state (rcopy.c:114)
==92107==    by 0x10AAAF: processFile (rcopy.c:63)
==92107==    by 0x10AA0E: main (rcopy.c:48)
==92107== 
==92107== 2,080 (80 direct, 2,000 indirect) bytes in 1 blocks are definitely lost in loss record 5 of 5
==92107==    at 0x484D953: calloc (in /usr/libexec/valgrind/vgpreload_memcheck-amd64-linux.so)
==92107==    by 0x10C436: clientWindowInit (clientSlidingWindow.c:23)
==92107==    by 0x10ACCF: start_state (rcopy.c:114)
==92107==    by 0x10AAAF: processFile (rcopy.c:63)
==92107==    by 0x10AA0E: main (rcopy.c:48)
==92107== 
==92107== LEAK SUMMARY:
==92107==    definitely lost: 152 bytes in 3 blocks
==92107==    indirectly lost: 2,000 bytes in 5 blocks
==92107==      possibly lost: 0 bytes in 0 blocks
==92107==    still reachable: 80 bytes in 1 blocks
==92107==         suppressed: 0 bytes in 0 blocks
==92107== 
==92107== For lists of detected and suppressed errors, rerun with: -s
==92107== ERROR SUMMARY: 6 errors from 6 contexts (suppressed: 0 from 0)
